[Licensing::Module] Trying to connect to existing licensing client channel...
Built from '6000.4/staging' branch; Version is '6000.4.4f1 (360f97ecca93) revision 3542935'; Using compiler version '194234433'; Build Type 'Release'
OS: 'Windows 11  (10.0.26200) Core' Language: 'ru' Physical Memory: 32613 MB
[Licensing::IpcConnector] Successfully connected to: "LicenseClient-y4UfcFOepiMS-xA4uocAD" at "2026-04-27T15:00:23.9893061Z"
BatchMode: 1, IsHumanControllingUs: 0, StartBugReporterOnCrash: 0, Is64bit: 1
System  architecture: x64
Process architecture: x64
Date: 2026-04-27T15:00:23Z

COMMAND LINE ARGUMENTS:
C:\Program Files\Unity\Hub\Editor\6000.4.4f1\Editor\Unity.exe
-adb2
-batchMode
-noUpm
-name
AssetImportWorker0
-projectPath
C:/Users/kiban/Whispers-In-The-Soil-Work-in-Progress-
-logFile
Logs/AssetImportWorker0.log
-srvPort
60086
-licensingIpc
LicenseClient-y4UfcFOepiMS-xA4uocAD
-force-d3d12
-job-worker-count
7
-background-job-worker-count
8
-gc-helper-count
1
-name
AssetImport
Successfully changed project path to: C:/Users/kiban/Whispers-In-The-Soil-Work-in-Progress-
C:/Users/kiban/Whispers-In-The-Soil-Work-in-Progress-
[UnityMemory] Configuration Parameters - Can be set up in boot.config
    "memorysetup-temp-allocator-size-gi-baking-worker=262144"
    "memorysetup-temp-allocator-size-gi-baking-worker=262144"
    "memorysetup-temp-allocator-size-gi-baking-worker=262144"
    "memorysetup-temp-allocator-size-gi-baking-worker=262144"
    "memorysetup-temp-allocator-size-gi-baking-worker=262144"
    "memorysetup-temp-allocator-size-nav-mesh-worker=65536"
    "memorysetup-temp-allocator-size-audio-worker=65536"
    "memorysetup-temp-allocator-size-cloud-worker=32768"
    "memorysetup-temp-allocator-size-gfx=262144"
    "memorysetup-temp-allocator-size-preload-manager=33554432"
    "memorysetup-temp-allocator-size-job-worker=262144"
    "memorysetup-temp-allocator-size-background-worker=32768"
    "memorysetup-allocator-temp-initial-block-size-main=262144"
    "memorysetup-allocator-temp-initial-block-size-worker=262144"
    "memorysetup-bucket-allocator-granularity=16"
    "memorysetup-bucket-allocator-bucket-count=8"
    "memorysetup-bucket-allocator-block-size=33554432"
    "memorysetup-bucket-allocator-block-count=8"
    "memorysetup-main-allocator-block-size=16777216"
    "memorysetup-thread-allocator-block-size=16777216"
    "memorysetup-gfx-main-allocator-block-size=16777216"
    "memorysetup-gfx-thread-allocator-block-size=16777216"
    "memorysetup-cache-allocator-block-size=4194304"
    "memorysetup-typetree-allocator-block-size=2097152"
    "memorysetup-profiler-bucket-allocator-granularity=16"
    "memorysetup-profiler-bucket-allocator-bucket-count=8"
    "memorysetup-profiler-bucket-allocator-block-size=33554432"
    "memorysetup-profiler-bucket-allocator-block-count=8"
    "memorysetup-profiler-allocator-block-size=16777216"
    "memorysetup-profiler-editor-allocator-block-size=1048576"
    "memorysetup-temp-allocator-size-main=16777216"
    "memorysetup-job-temp-allocator-block-size=2097152"
    "memorysetup-job-temp-allocator-block-size-background=1048576"
    "memorysetup-job-temp-allocator-reduction-small-platforms=262144"
Player connection [21136]  Target information:

Player connection [21136]  * "[IP] 192.168.56.1 [Port] 0 [Flags] 2 [Guid] 9981225 [EditorId] 9981225 [Version] 1048832 [Id] WindowsEditor(7,Mikrovolnovka) [Debug] 1 [PackageName] WindowsEditor [ProjectName] Editor" 

Player connection [21136]  * "[IP] 26.227.55.89 [Port] 0 [Flags] 2 [Guid] 9981225 [EditorId] 9981225 [Version] 1048832 [Id] WindowsEditor(7,Mikrovolnovka) [Debug] 1 [PackageName] WindowsEditor [ProjectName] Editor" 

Player connection [21136]  * "[IP] 192.168.31.245 [Port] 0 [Flags] 2 [Guid] 9981225 [EditorId] 9981225 [Version] 1048832 [Id] WindowsEditor(7,Mikrovolnovka) [Debug] 1 [PackageName] WindowsEditor [ProjectName] Editor" 

Player connection [21136]  * "[IP] 100.73.188.62 [Port] 0 [Flags] 2 [Guid] 9981225 [EditorId] 9981225 [Version] 1048832 [Id] WindowsEditor(7,Mikrovolnovka) [Debug] 1 [PackageName] WindowsEditor [ProjectName] Editor" 

Player connection [21136] Host joined multi-casting on [225.0.0.222:54997]...
Player connection [21136] Host joined alternative multi-casting on [225.0.0.222:34997]...
JobSystem: Creating JobQueue using job-worker-count value 7
Input System module state changed to: Initialized.
[Physics::Module] Initialized fallback backend.
[Physics::Module] Id: 0xdecafbad
Library Redirect Path: Library/
[Physics::Module] Selected backend.
[Physics::Module] Name: PhysX
[Physics::Module] Id: 0xf2b8ea05
[Physics::Module] SDK Version: 4.1.2
[Physics::Module] Integration Version: 1.0.0
[Physics::Module] Threading Mode: Multi-Threaded
Initialize engine version: 6000.4.4f1 (360f97ecca93)
[Subsystems] Discovering subsystems at path C:/Program Files/Unity/Hub/Editor/6000.4.4f1/Editor/Data/Resources/UnitySubsystems
[Subsystems] Discovering subsystems at path C:/Users/kiban/Whispers-In-The-Soil-Work-in-Progress-/Assets
Forcing GfxDevice: Direct3D 12
GfxDevice: creating device client; kGfxThreadingModeNonThreaded
d3d12: failed to query info queue interface (0x80004002).
Direct3D:
    Version:         Direct3D 12 [level 12.2]
    Renderer:        NVIDIA GeForce RTX 4060 (ID=0x2882)
    Vendor:          NVIDIA
    VRAM:            7956 MB
    App VRAM Budget: 7188 MB
    Driver:          32.0.15.9159
Initialize mono
Mono path[0] = 'C:/Program Files/Unity/Hub/Editor/6000.4.4f1/Editor/Data/Managed'
Mono path[1] = 'C:/Program Files/Unity/Hub/Editor/6000.4.4f1/Editor/Data/MonoBleedingEdge/lib/mono/unityjit-win32'
Mono config path = 'C:/Program Files/Unity/Hub/Editor/6000.4.4f1/Editor/Data/MonoBleedingEdge/etc'
Using monoOptions --debugger-agent=transport=dt_socket,embedding=1,server=y,suspend=n,address=127.0.0.1:56528
CodeReloadManager initialized
Begin MonoManager ReloadAssembly
Registering precompiled unity dll's ...
Register platform support module: C:/Program Files/Unity/Hub/Editor/6000.4.4f1/Editor/Data/PlaybackEngines/WindowsStandaloneSupport/UnityEditor.WindowsStandalone.Extensions.dll
Registered in 0.001776 seconds.
Native extension for WindowsStandalone target not found
Package Manager log level set to [2]
[Package Manager] Failed to launch server process. Reason: Unity was launched with the -noUpm command-line argument
[Package Manager] Unable to send message (not connected to server process).
[Package Manager] Cannot connect to Unity Package Manager local server
ScheduleIndexationOnStartup MainProcess:False IndexOnStartup:True
Mono: successfully reloaded assembly
- Finished resetting the current domain, in  0.382 seconds
Domain Reload Profiling: 815ms
	BeginReloadAssembly (127ms)
	RebuildCommonClasses (35ms)
	RebuildNativeTypeToScriptingClass (12ms)
	initialDomainReloadingComplete (60ms)
	LoadAllAssembliesAndSetupDomain (198ms)
		LoadAssemblies (123ms)
		AnalyzeDomain (190ms)
			TypeCache.Refresh (188ms)
				TypeCache.ScanAssembly (176ms)
	FinalizeReload (383ms)
		SetupLoadedEditorAssemblies (0ms)
			InitializePlatformSupportModulesInManaged (43ms)
			BeforeProcessingInitializeOnLoad (86ms)
			ProcessInitializeOnLoadAttributes (108ms)
			ProcessInitializeOnLoadMethodAttributes (82ms)
========================================================================
Worker process is ready to serve import requests
Import Worker Mode flag is 0x00
Begin MonoManager ReloadAssembly
[Licensing::Module] Licensing is not yet initialized.
[Licensing::Client] Error: HandshakeResponse reported an error:
	ResponseCode: 505
	ResponseStatus: Unsupported protocol version '1.18.1'.
[Licensing::Module] Error: Failed to handshake to channel: "LicenseClient-y4UfcFOepiMS-xA4uocAD"
[Licensing::IpcConnector] LicenseClient-y4UfcFOepiMS-xA4uocAD channel disconnected successfully.
[Licensing::IpcConnector] Successfully connected to: "LicenseClient-kiban-6000.4.4" at "2026-04-27T15:00:26.0159003Z"
[Licensing::Client] Handshaking with LicensingClient:
  Version:                 1.18.1+9fbee8e
  Session Id:              8eee98f5893445c4a5b6fefeea4622a8
  Correlation Id:          169a0ffb8ef0ddd9e1da1fee6c149bce
  External correlation Id: 299255932390717751
  Machine Id:              Fb1ekou2IW/BV2Qf+cU/UKyxp9M=
[Licensing::Module] Successfully connected to LicensingClient on channel: "LicenseClient-kiban-6000.4.4" (connect: 0.00s, validation: 0.00s, handshake: 1.84s)
[Licensing::IpcConnector] Successfully connected to: "LicenseClient-kiban-6000.4.4-notifications" at "2026-04-27T15:00:27.8654358Z"
[Licensing::Module] Licensing Background thread has ended after 3.88s
[Licensing::Module] Licensing is initialized (took 2.14s).
[Licensing::Client] Successfully resolved entitlement details
[Licensing::Module] License group:
  Id: 10171320780632-UnityPersXXXX
  Product: Unity Personal
  Type: Assigned
  Expiration: Unlimited
Assembly Assembly-CSharp-Editor-firstpass.dll at Library/ScriptAssemblies/Assembly-CSharp-Editor-firstpass.dll not valid. Loading of assembly skipped.
Assembly Assembly-CSharp-Editor.dll at Library/ScriptAssemblies/Assembly-CSharp-Editor.dll not valid. Loading of assembly skipped.
Assembly Assembly-CSharp-firstpass.dll at Library/ScriptAssemblies/Assembly-CSharp-firstpass.dll not valid. Loading of assembly skipped.
Assembly Assembly-CSharp.dll at Library/ScriptAssemblies/Assembly-CSharp.dll not valid. Loading of assembly skipped.
Assembly Unity.Multiplayer.Center.Editor.Tests.dll at Library/ScriptAssemblies/Unity.Multiplayer.Center.Editor.Tests.dll not valid. Loading of assembly skipped.
Assembly Unity.Multiplayer.Center.Tests.dll at Library/ScriptAssemblies/Unity.Multiplayer.Center.Tests.dll not valid. Loading of assembly skipped.
Native extension for WindowsStandalone target not found
[Package Manager] Failed to launch server process. Reason: Unity was launched with the -noUpm command-line argument
[Package Manager] Unable to send message (not connected to server process).
[Package Manager] Cannot connect to Unity Package Manager local server
ScheduleIndexationOnStartup MainProcess:False IndexOnStartup:True
Mono: successfully reloaded assembly
- Finished resetting the current domain, in  0.564 seconds
Domain Reload Profiling: 3127ms
	BeginReloadAssembly (2311ms)
		DisableScriptedObjects (5ms)
		CreateAndSetChildDomain (25ms)
	RebuildCommonClasses (37ms)
	RebuildNativeTypeToScriptingClass (12ms)
	initialDomainReloadingComplete (45ms)
	LoadAllAssembliesAndSetupDomain (159ms)
		LoadAssemblies (205ms)
		AnalyzeDomain (43ms)
			TypeCache.Refresh (38ms)
				TypeCache.ScanAssembly (29ms)
			BuildScriptInfoCaches (3ms)
	FinalizeReload (565ms)
		SetupLoadedEditorAssemblies (0ms)
			InitializePlatformSupportModulesInManaged (3ms)
			BeforeProcessingInitializeOnLoad (95ms)
			ProcessInitializeOnLoadAttributes (304ms)
			ProcessInitializeOnLoadMethodAttributes (38ms)
			AfterProcessingInitializeOnLoad (5ms)
		AwakeInstancesAfterBackupRestoration (7ms)
Launched and connected shader compiler UnityShaderCompiler.exe after 0.02 seconds
Unloading 0 Unused Serialized files (Serialized files now loaded: 0)
Unloading 368 unused Assets / (178.2 KB). Loaded Objects now: 964.
Memory consumption went from 71.0 MB to 70.8 MB.
Total: 3.591800 ms (FindLiveObjects: 0.053600 ms CreateObjectMapping: 0.015100 ms MarkObjects: 3.355400 ms  DeleteObjects: 0.165700 ms)

========================================================================
Received Import Request.
  Time since last request: 22236.755731 seconds.
  path: Assets/Scenes
  importAddress: Guid(89233797388446146bb1e39b506331c9) Importer(2089858483,b0f066a214c2f5e87bad3c948f4d605d)
Start importing Assets/Scenes using Guid(89233797388446146bb1e39b506331c9) Importer(2089858483,b0f066a214c2f5e87bad3c948f4d605d) (ScriptedImporter) -> (Import Result ID: '55784e601237cb6bec7649b42ec4d01c') in 0.0588169 seconds [static and dynamic dependencies]. Details - ImportResultOutputID=99b42f67d6e880f80f308ae7ba898e59 DependenciesID=7fc13b4fe8a387fef8d42f71cac92c85 StaticDependenciesID=fec5a88874ab19424984b365e2ff2c83 
Number of updated asset objects reloaded before import = 0Number of asset objects unloaded after import = 1

========================================================================
Received Import Request.
  Time since last request: 20.064089 seconds.
  path: Assets/Scenes/Scene 1.unity
  importAddress: Guid(da2055d00acaa734bb48033ee396c7c4) Importer(2089858483,b0f066a214c2f5e87bad3c948f4d605d)
Start importing Assets/Scenes/Scene 1.unity using Guid(da2055d00acaa734bb48033ee396c7c4) Importer(2089858483,b0f066a214c2f5e87bad3c948f4d605d) (ScriptedImporter) -> (Import Result ID: '14078213aa65899f2a28717ba4f79306') in 0.0326626 seconds [static and dynamic dependencies]. Details - ImportResultOutputID=8353d8f0f951a7a88dcf33de89d82fd1 DependenciesID=d014e7c3ad5a21e4ce92bffe640ec09a StaticDependenciesID=5af0b4d548b46022b331390c20f7f8a5 
Number of updated asset objects reloaded before import = 0Number of asset objects unloaded after import = 1

========================================================================
Received Import Request.
  Time since last request: 72.932075 seconds.
  path: Assets/Scenes
  importAddress: Guid(89233797388446146bb1e39b506331c9) Importer(815301076,1909f56bfc062723c751e8b465ee728b)
Start importing Assets/Scenes using Guid(89233797388446146bb1e39b506331c9) Importer(815301076,1909f56bfc062723c751e8b465ee728b) (PreviewImporter) -> (Import Result ID: 'd473a799224f565942c1a373805fce9a') in 0.0004573 seconds [static and dynamic dependencies]. Details - ImportResultOutputID=213c549888311fbde90145c702b69807 DependenciesID=976145786183e1cf355c9beb23527c47 StaticDependenciesID=99707f7e86492e678d1f0eb2189d5586 
Number of updated asset objects reloaded before import = 0Number of asset objects unloaded after import = 0

========================================================================
Received Import Request.
  Time since last request: 10.954711 seconds.
  path: Assets/Папка
  importAddress: Guid(f8beb66d19f32fb41984645e3e4d9232) Importer(815301076,1909f56bfc062723c751e8b465ee728b)
Start importing Assets/Папка using Guid(f8beb66d19f32fb41984645e3e4d9232) Importer(815301076,1909f56bfc062723c751e8b465ee728b) (PreviewImporter) -> (Import Result ID: 'bd22a78b1a3bf9635103d3ec07edac7c') in 0.0003998 seconds [static and dynamic dependencies]. Details - ImportResultOutputID=64bc5ed8d1fae45889e838c6bdf8234d DependenciesID=9c68a3b7c879f2cbf6deb6a7110f9a01 StaticDependenciesID=25310483ccbfd3f35e2ade9786e13e22 
Number of updated asset objects reloaded before import = 0Number of asset objects unloaded after import = 0

========================================================================
Received Import Request.
  Time since last request: 0.965990 seconds.
  path: Assets/Папка
  importAddress: Guid(f8beb66d19f32fb41984645e3e4d9232) Importer(2089858483,b0f066a214c2f5e87bad3c948f4d605d)
Start importing Assets/Папка using Guid(f8beb66d19f32fb41984645e3e4d9232) Importer(2089858483,b0f066a214c2f5e87bad3c948f4d605d) (ScriptedImporter) -> (Import Result ID: 'ff0d6785e906ffaa0a95c6ddc86e13dd') in 0.0190677 seconds [static and dynamic dependencies]. Details - ImportResultOutputID=459f4e6bb4288ffdd0fee979fb190f3c DependenciesID=504ce2ad3fcc4cdb77095ed8cb54a634 StaticDependenciesID=2738409327556c31ef550ad05381a50d 
Number of updated asset objects reloaded before import = 0Number of asset objects unloaded after import = 1

========================================================================
Received Prepare
Unloading 0 Unused Serialized files (Serialized files now loaded: 0)
Unloading 364 unused Assets / (17.3 KB). Loaded Objects now: 967.
Memory consumption went from 71.7 MB to 71.6 MB.
Total: 3.472700 ms (FindLiveObjects: 0.058200 ms CreateObjectMapping: 0.018100 ms MarkObjects: 3.283100 ms  DeleteObjects: 0.111900 ms)

Prepare: number of updated asset objects reloaded= 0
========================================================================
Received Import Request.
  Time since last request: 18.892939 seconds.
  path: Assets/Папка/NewMonoBehaviourScript.cs
  importAddress: Guid(ca6a208e81bbfae41b9d3db4457989e7) Importer(815301076,1909f56bfc062723c751e8b465ee728b)
Start importing Assets/Папка/NewMonoBehaviourScript.cs using Guid(ca6a208e81bbfae41b9d3db4457989e7) Importer(815301076,1909f56bfc062723c751e8b465ee728b) (PreviewImporter) -> (Import Result ID: '7a129eef8fd934dbab594dfe241273a4') in 0.0004669 seconds [static and dynamic dependencies]. Details - ImportResultOutputID=c48ab4ebb915123450aca6fd62a7c6ba DependenciesID=76c7a41b98819a11f531783b73438432 StaticDependenciesID=0fe57a9fb196316cfb09d6d57fdb9c58 
Number of updated asset objects reloaded before import = 0Number of asset objects unloaded after import = 0

========================================================================
Received Import Request.
  Time since last request: 0.948301 seconds.
  path: Assets/Папка/NewMonoBehaviourScript.cs
  importAddress: Guid(ca6a208e81bbfae41b9d3db4457989e7) Importer(2089858483,b0f066a214c2f5e87bad3c948f4d605d)
Start importing Assets/Папка/NewMonoBehaviourScript.cs using Guid(ca6a208e81bbfae41b9d3db4457989e7) Importer(2089858483,b0f066a214c2f5e87bad3c948f4d605d) (ScriptedImporter) -> (Import Result ID: 'c8bf4837c759c31e9435fc56ae3fee3e') in 0.0189354 seconds [static and dynamic dependencies]. Details - ImportResultOutputID=108777ca5a6d97e4b74c16f93c47fc1c DependenciesID=d83c40d97fa9719c0c044618b30e1217 StaticDependenciesID=27b505906fc7556df9aeab2bc5c5c9fc 
Number of updated asset objects reloaded before import = 0Number of asset objects unloaded after import = 0

========================================================================
Received Prepare
Begin MonoManager ReloadAssembly
[Licensing::Client] Successfully resolved entitlement details
Assembly Assembly-CSharp-Editor-firstpass.dll at Library/ScriptAssemblies/Assembly-CSharp-Editor-firstpass.dll not valid. Loading of assembly skipped.
Assembly Assembly-CSharp-Editor.dll at Library/ScriptAssemblies/Assembly-CSharp-Editor.dll not valid. Loading of assembly skipped.
Assembly Assembly-CSharp-firstpass.dll at Library/ScriptAssemblies/Assembly-CSharp-firstpass.dll not valid. Loading of assembly skipped.
Assembly Unity.Multiplayer.Center.Editor.Tests.dll at Library/ScriptAssemblies/Unity.Multiplayer.Center.Editor.Tests.dll not valid. Loading of assembly skipped.
Assembly Unity.Multiplayer.Center.Tests.dll at Library/ScriptAssemblies/Unity.Multiplayer.Center.Tests.dll not valid. Loading of assembly skipped.
Assertion failed on expression: 'pred(*previous, *i)'
Assertion failed on expression: 'pred(*previous, *i)'
Assertion failed on expression: 'pred(*previous, *i)'
Assertion failed on expression: 'pred(*previous, *i)'
Assertion failed on expression: 'pred(*previous, *i)'
Assertion failed on expression: 'pred(*previous, *i)'
Assertion failed on expression: 'pred(*previous, *i)'
Assertion failed on expression: 'pred(*previous, *i)'
Assertion failed on expression: 'pred(*previous, *i)'
Assertion failed on expression: 'pred(*previous, *i)'
Assertion failed on expression: 'pred(*previous, *i)'
Assertion failed on expression: 'pred(*previous, *i)'
Assertion failed on expression: 'pred(*previous, *i)'
Assertion failed on expression: 'pred(*previous, *i)'
Assertion failed on expression: 'pred(*previous, *i)'
Assertion failed on expression: 'pred(*previous, *i)'
Assertion failed on expression: 'pred(*previous, *i)'
Assertion failed on expression: 'pred(*previous, *i)'
Assertion failed on expression: 'pred(*previous, *i)'
Assertion failed on expression: 'pred(*previous, *i)'
Assertion failed on expression: 'pred(*previous, *i)'
Assertion failed on expression: 'pred(*previous, *i)'
Assertion failed on expression: 'pred(*previous, *i)'
Assertion failed on expression: 'pred(*previous, *i)'
Assertion failed on expression: 'pred(*previous, *i)'
Assertion failed on expression: 'pred(*previous, *i)'
Assertion failed on expression: 'pred(*previous, *i)'
Assertion failed on expression: 'pred(*previous, *i)'
Assertion failed on expression: 'pred(*previous, *i)'
Assertion failed on expression: 'pred(*previous, *i)'
Native extension for WindowsStandalone target not found
[Package Manager] Failed to launch server process. Reason: Unity was launched with the -noUpm command-line argument
[Package Manager] Unable to send message (not connected to server process).
[Package Manager] Cannot connect to Unity Package Manager local server
ScheduleIndexationOnStartup MainProcess:False IndexOnStartup:True
Mono: successfully reloaded assembly
- Finished resetting the current domain, in  0.553 seconds
Domain Reload Profiling: 969ms
	BeginReloadAssembly (175ms)
		DisableScriptedObjects (5ms)
		CreateAndSetChildDomain (27ms)
	RebuildCommonClasses (45ms)
	RebuildNativeTypeToScriptingClass (13ms)
	initialDomainReloadingComplete (44ms)
	LoadAllAssembliesAndSetupDomain (139ms)
		LoadAssemblies (197ms)
		AnalyzeDomain (35ms)
			TypeCache.Refresh (5ms)
			BuildScriptInfoCaches (29ms)
	FinalizeReload (553ms)
		SetupLoadedEditorAssemblies (0ms)
			BeforeProcessingInitializeOnLoad (96ms)
			ProcessInitializeOnLoadAttributes (294ms)
			ProcessInitializeOnLoadMethodAttributes (43ms)
			AfterProcessingInitializeOnLoad (6ms)
		AwakeInstancesAfterBackupRestoration (7ms)
Unloading 0 Unused Serialized files (Serialized files now loaded: 0)
Unloading 367 unused Assets / (25.9 KB). Loaded Objects now: 967.
Memory consumption went from 71.4 MB to 71.4 MB.
Total: 4.157600 ms (FindLiveObjects: 0.079700 ms CreateObjectMapping: 0.016100 ms MarkObjects: 3.980100 ms  DeleteObjects: 0.080600 ms)

Prepare: number of updated asset objects reloaded= 0
